<?xml version="1.0" encoding="UTF-8"?>
<coverage generated="1784724536889" clover="3.2.0">
  <project timestamp="1784724536890" name="All files">
    <metrics statements="27" coveredstatements="24" conditionals="14" coveredconditionals="11" methods="2" coveredmethods="2" elements="43" coveredelements="37" complexity="0" loc="27" ncloc="27" packages="1" files="1" classes="1"/>
    <file name="intentParser.service.js" path="C:\Users\honhu\OneDrive\Desktop\sme-booking-system\sme-booking-system\src\services\ai\intentParser.service.js">
      <metrics statements="27" coveredstatements="24" conditionals="14" coveredconditionals="11" methods="2" coveredmethods="2"/>
      <line num="1" count="1" type="stmt"/>
      <line num="2" count="1" type="stmt"/>
      <line num="4" count="1" type="stmt"/>
      <line num="5" count="1" type="stmt"/>
      <line num="6" count="1" type="stmt"/>
      <line num="9" count="1" type="stmt"/>
      <line num="13" count="1" type="stmt"/>
      <line num="23" count="1" type="stmt"/>
      <line num="31" count="5" type="stmt"/>
      <line num="33" count="5" type="cond" truecount="1" falsecount="1"/>
      <line num="34" count="0" type="stmt"/>
      <line num="35" count="0" type="stmt"/>
      <line num="38" count="5" type="stmt"/>
      <line num="43" count="1" type="stmt"/>
      <line num="44" count="7" type="cond" truecount="4" falsecount="0"/>
      <line num="45" count="1" type="stmt"/>
      <line num="48" count="6" type="stmt"/>
      <line num="49" count="6" type="cond" truecount="3" falsecount="1"/>
      <line num="50" count="0" type="stmt"/>
      <line num="53" count="6" type="stmt"/>
      <line num="54" count="6" type="stmt"/>
      <line num="62" count="5" type="stmt"/>
      <line num="64" count="5" type="cond" truecount="3" falsecount="1"/>
      <line num="66" count="5" type="stmt"/>
      <line num="69" count="1" type="stmt"/>
      <line num="70" count="1" type="stmt"/>
      <line num="75" count="1" type="stmt"/>
    </file>
  </project>
</coverage>
