{"C:\\Users\\honhu\\OneDrive\\Desktop\\sme-booking-system\\sme-booking-system\\src\\models\\Appointment.model.js": {"path":"C:\\Users\\honhu\\OneDrive\\Desktop\\sme-booking-system\\sme-booking-system\\src\\models\\Appointment.model.js","statementMap":{"0":{"start":{"line":1,"column":17},"end":{"line":1,"column":36}},"1":{"start":{"line":3,"column":39},"end":{"line":3,"column":83}},"2":{"start":{"line":4,"column":28},"end":{"line":4,"column":61}},"3":{"start":{"line":6,"column":26},"end":{"line":184,"column":2}},"4":{"start":{"line":31,"column":24},"end":{"line":31,"column":43}},"5":{"start":{"line":37,"column":24},"end":{"line":37,"column":43}},"6":{"start":{"line":83,"column":16},"end":{"line":83,"column":59}},"7":{"start":{"line":83,"column":47},"end":{"line":83,"column":59}},"8":{"start":{"line":84,"column":16},"end":{"line":84,"column":46}},"9":{"start":{"line":159,"column":28},"end":{"line":159,"column":47}},"10":{"start":{"line":163,"column":35},"end":{"line":163,"column":54}},"11":{"start":{"line":167,"column":35},"end":{"line":167,"column":54}},"12":{"start":{"line":177,"column":24},"end":{"line":177,"column":43}},"13":{"start":{"line":186,"column":0},"end":{"line":192,"column":3}},"14":{"start":{"line":187,"column":4},"end":{"line":191,"column":5}},"15":{"start":{"line":188,"column":8},"end":{"line":190,"column":10}},"16":{"start":{"line":194,"column":0},"end":{"line":194,"column":72}},"17":{"start":{"line":195,"column":0},"end":{"line":195,"column":56}},"18":{"start":{"line":196,"column":0},"end":{"line":196,"column":57}},"19":{"start":{"line":198,"column":20},"end":{"line":198,"column":84}},"20":{"start":{"line":200,"column":0},"end":{"line":200,"column":29}}},"fnMap":{"0":{"name":"(anonymous_0)","decl":{"start":{"line":31,"column":13},"end":{"line":31,"column":14}},"loc":{"start":{"line":31,"column":24},"end":{"line":31,"column":43}},"line":31},"1":{"name":"(anonymous_1)","decl":{"start":{"line":37,"column":13},"end":{"line":37,"column":14}},"loc":{"start":{"line":37,"column":24},"end":{"line":37,"column":43}},"line":37},"2":{"name":"(anonymous_2)","decl":{"start":{"line":82,"column":23},"end":{"line":82,"column":24}},"loc":{"start":{"line":82,"column":39},"end":{"line":85,"column":13}},"line":82},"3":{"name":"(anonymous_3)","decl":{"start":{"line":159,"column":17},"end":{"line":159,"column":18}},"loc":{"start":{"line":159,"column":28},"end":{"line":159,"column":47}},"line":159},"4":{"name":"(anonymous_4)","decl":{"start":{"line":163,"column":22},"end":{"line":163,"column":23}},"loc":{"start":{"line":163,"column":33},"end":{"line":163,"column":56}},"line":163},"5":{"name":"(anonymous_5)","decl":{"start":{"line":167,"column":22},"end":{"line":167,"column":23}},"loc":{"start":{"line":167,"column":33},"end":{"line":167,"column":56}},"line":167},"6":{"name":"(anonymous_6)","decl":{"start":{"line":177,"column":13},"end":{"line":177,"column":14}},"loc":{"start":{"line":177,"column":24},"end":{"line":177,"column":43}},"line":177},"7":{"name":"(anonymous_7)","decl":{"start":{"line":186,"column":34},"end":{"line":186,"column":35}},"loc":{"start":{"line":186,"column":45},"end":{"line":192,"column":1}},"line":186}},"branchMap":{"0":{"loc":{"start":{"line":83,"column":16},"end":{"line":83,"column":59}},"type":"if","locations":[{"start":{"line":83,"column":16},"end":{"line":83,"column":59}},{"start":{},"end":{}}],"line":83},"1":{"loc":{"start":{"line":83,"column":20},"end":{"line":83,"column":45}},"type":"binary-expr","locations":[{"start":{"line":83,"column":20},"end":{"line":83,"column":35}},{"start":{"line":83,"column":39},"end":{"line":83,"column":45}}],"line":83},"2":{"loc":{"start":{"line":187,"column":4},"end":{"line":191,"column":5}},"type":"if","locations":[{"start":{"line":187,"column":4},"end":{"line":191,"column":5}},{"start":{},"end":{}}],"line":187},"3":{"loc":{"start":{"line":187,"column":8},"end":{"line":187,"column":46}},"type":"binary-expr","locations":[{"start":{"line":187,"column":8},"end":{"line":187,"column":22}},{"start":{"line":187,"column":26},"end":{"line":187,"column":46}}],"line":187}},"s":{"0":2,"1":2,"2":2,"3":2,"4":0,"5":0,"6":7,"7":0,"8":7,"9":0,"10":7,"11":7,"12":0,"13":2,"14":7,"15":7,"16":2,"17":2,"18":2,"19":2,"20":2},"f":{"0":0,"1":0,"2":7,"3":0,"4":7,"5":7,"6":0,"7":7},"b":{"0":[0,7],"1":[7,7],"2":[7,0],"3":[7,7]},"_coverageSchema":"1a1c01bbd47fc00a2c39e90264f33305004495a9","hash":"054c01c85cf1b0219a04986da83ce064a0325e7b"}
,"C:\\Users\\honhu\\OneDrive\\Desktop\\sme-booking-system\\sme-booking-system\\src\\models\\AppointmentQueue.model.js": {"path":"C:\\Users\\honhu\\OneDrive\\Desktop\\sme-booking-system\\sme-booking-system\\src\\models\\AppointmentQueue.model.js","statementMap":{"0":{"start":{"line":1,"column":17},"end":{"line":1,"column":36}},"1":{"start":{"line":3,"column":31},"end":{"line":79,"column":2}},"2":{"start":{"line":67,"column":16},"end":{"line":67,"column":63}},"3":{"start":{"line":67,"column":51},"end":{"line":67,"column":63}},"4":{"start":{"line":68,"column":16},"end":{"line":68,"column":52}},"5":{"start":{"line":81,"column":0},"end":{"line":81,"column":89}},"6":{"start":{"line":82,"column":0},"end":{"line":82,"column":55}},"7":{"start":{"line":84,"column":25},"end":{"line":84,"column":103}},"8":{"start":{"line":86,"column":0},"end":{"line":86,"column":34}}},"fnMap":{"0":{"name":"(anonymous_0)","decl":{"start":{"line":66,"column":23},"end":{"line":66,"column":24}},"loc":{"start":{"line":66,"column":39},"end":{"line":69,"column":13}},"line":66}},"branchMap":{"0":{"loc":{"start":{"line":67,"column":16},"end":{"line":67,"column":63}},"type":"if","locations":[{"start":{"line":67,"column":16},"end":{"line":67,"column":63}},{"start":{},"end":{}}],"line":67},"1":{"loc":{"start":{"line":67,"column":20},"end":{"line":67,"column":49}},"type":"binary-expr","locations":[{"start":{"line":67,"column":20},"end":{"line":67,"column":39}},{"start":{"line":67,"column":43},"end":{"line":67,"column":49}}],"line":67}},"s":{"0":1,"1":1,"2":0,"3":0,"4":0,"5":1,"6":1,"7":1,"8":1},"f":{"0":0},"b":{"0":[0,0],"1":[0,0]},"_coverageSchema":"1a1c01bbd47fc00a2c39e90264f33305004495a9","hash":"8de8f04d4f99675315e52fd2cc3d00b63d811142"}
,"C:\\Users\\honhu\\OneDrive\\Desktop\\sme-booking-system\\sme-booking-system\\src\\models\\AppointmentStatusHistory.schema.js": {"path":"C:\\Users\\honhu\\OneDrive\\Desktop\\sme-booking-system\\sme-booking-system\\src\\models\\AppointmentStatusHistory.schema.js","statementMap":{"0":{"start":{"line":1,"column":17},"end":{"line":1,"column":36}},"1":{"start":{"line":3,"column":39},"end":{"line":37,"column":2}},"2":{"start":{"line":26,"column":24},"end":{"line":26,"column":43}},"3":{"start":{"line":39,"column":0},"end":{"line":39,"column":48}}},"fnMap":{"0":{"name":"(anonymous_0)","decl":{"start":{"line":26,"column":13},"end":{"line":26,"column":14}},"loc":{"start":{"line":26,"column":24},"end":{"line":26,"column":43}},"line":26}},"branchMap":{},"s":{"0":2,"1":2,"2":8,"3":2},"f":{"0":8},"b":{},"_coverageSchema":"1a1c01bbd47fc00a2c39e90264f33305004495a9","hash":"a0bbdf8dcb3ae7a52789fbff0bee1b1a0941cd31"}
,"C:\\Users\\honhu\\OneDrive\\Desktop\\sme-booking-system\\sme-booking-system\\src\\models\\Business.model.js": {"path":"C:\\Users\\honhu\\OneDrive\\Desktop\\sme-booking-system\\sme-booking-system\\src\\models\\Business.model.js","statementMap":{"0":{"start":{"line":1,"column":17},"end":{"line":1,"column":36}},"1":{"start":{"line":3,"column":28},"end":{"line":3,"column":61}},"2":{"start":{"line":5,"column":23},"end":{"line":69,"column":2}},"3":{"start":{"line":71,"column":17},"end":{"line":71,"column":73}},"4":{"start":{"line":73,"column":0},"end":{"line":73,"column":26}}},"fnMap":{},"branchMap":{},"s":{"0":1,"1":1,"2":1,"3":1,"4":1},"f":{},"b":{},"_coverageSchema":"1a1c01bbd47fc00a2c39e90264f33305004495a9","hash":"e04adefbd01f6c93ba4943c89e469ffebc47e4c9"}
,"C:\\Users\\honhu\\OneDrive\\Desktop\\sme-booking-system\\sme-booking-system\\src\\models\\BusinessDay.model.js": {"path":"C:\\Users\\honhu\\OneDrive\\Desktop\\sme-booking-system\\sme-booking-system\\src\\models\\BusinessDay.model.js","statementMap":{"0":{"start":{"line":1,"column":17},"end":{"line":1,"column":36}},"1":{"start":{"line":3,"column":21},"end":{"line":3,"column":52}},"2":{"start":{"line":5,"column":26},"end":{"line":26,"column":1}},"3":{"start":{"line":16,"column":16},"end":{"line":16,"column":63}},"4":{"start":{"line":16,"column":51},"end":{"line":16,"column":63}},"5":{"start":{"line":17,"column":16},"end":{"line":17,"column":50}},"6":{"start":{"line":28,"column":20},"end":{"line":28,"column":80}},"7":{"start":{"line":30,"column":0},"end":{"line":30,"column":29}}},"fnMap":{"0":{"name":"(anonymous_0)","decl":{"start":{"line":15,"column":23},"end":{"line":15,"column":24}},"loc":{"start":{"line":15,"column":39},"end":{"line":18,"column":13}},"line":15}},"branchMap":{"0":{"loc":{"start":{"line":16,"column":16},"end":{"line":16,"column":63}},"type":"if","locations":[{"start":{"line":16,"column":16},"end":{"line":16,"column":63}},{"start":{},"end":{}}],"line":16},"1":{"loc":{"start":{"line":16,"column":20},"end":{"line":16,"column":49}},"type":"binary-expr","locations":[{"start":{"line":16,"column":20},"end":{"line":16,"column":39}},{"start":{"line":16,"column":43},"end":{"line":16,"column":49}}],"line":16}},"s":{"0":1,"1":1,"2":1,"3":0,"4":0,"5":0,"6":1,"7":1},"f":{"0":0},"b":{"0":[0,0],"1":[0,0]},"_coverageSchema":"1a1c01bbd47fc00a2c39e90264f33305004495a9","hash":"b1f21ac5f5d8b4670354c092c91b64407c71b7b5"}
,"C:\\Users\\honhu\\OneDrive\\Desktop\\sme-booking-system\\sme-booking-system\\src\\models\\ChangeHistory.schema.js": {"path":"C:\\Users\\honhu\\OneDrive\\Desktop\\sme-booking-system\\sme-booking-system\\src\\models\\ChangeHistory.schema.js","statementMap":{"0":{"start":{"line":1,"column":17},"end":{"line":1,"column":36}},"1":{"start":{"line":3,"column":28},"end":{"line":30,"column":2}},"2":{"start":{"line":32,"column":0},"end":{"line":32,"column":37}}},"fnMap":{},"branchMap":{},"s":{"0":7,"1":7,"2":7},"f":{},"b":{},"_coverageSchema":"1a1c01bbd47fc00a2c39e90264f33305004495a9","hash":"a358c9d2ff8a727e58625464a156d8fb0eb35577"}
,"C:\\Users\\honhu\\OneDrive\\Desktop\\sme-booking-system\\sme-booking-system\\src\\models\\ExceptionDate.model.js": {"path":"C:\\Users\\honhu\\OneDrive\\Desktop\\sme-booking-system\\sme-booking-system\\src\\models\\ExceptionDate.model.js","statementMap":{"0":{"start":{"line":1,"column":17},"end":{"line":1,"column":36}},"1":{"start":{"line":3,"column":21},"end":{"line":3,"column":52}},"2":{"start":{"line":5,"column":28},"end":{"line":26,"column":2}},"3":{"start":{"line":20,"column":16},"end":{"line":20,"column":59}},"4":{"start":{"line":20,"column":47},"end":{"line":20,"column":59}},"5":{"start":{"line":21,"column":16},"end":{"line":21,"column":47}},"6":{"start":{"line":28,"column":22},"end":{"line":28,"column":86}},"7":{"start":{"line":30,"column":0},"end":{"line":30,"column":31}}},"fnMap":{"0":{"name":"(anonymous_0)","decl":{"start":{"line":19,"column":23},"end":{"line":19,"column":24}},"loc":{"start":{"line":19,"column":39},"end":{"line":22,"column":13}},"line":19}},"branchMap":{"0":{"loc":{"start":{"line":20,"column":16},"end":{"line":20,"column":59}},"type":"if","locations":[{"start":{"line":20,"column":16},"end":{"line":20,"column":59}},{"start":{},"end":{}}],"line":20},"1":{"loc":{"start":{"line":20,"column":20},"end":{"line":20,"column":45}},"type":"binary-expr","locations":[{"start":{"line":20,"column":20},"end":{"line":20,"column":35}},{"start":{"line":20,"column":39},"end":{"line":20,"column":45}}],"line":20}},"s":{"0":1,"1":1,"2":1,"3":0,"4":0,"5":0,"6":1,"7":1},"f":{"0":0},"b":{"0":[0,0],"1":[0,0]},"_coverageSchema":"1a1c01bbd47fc00a2c39e90264f33305004495a9","hash":"d731fecf2b28d0e1c0349d9fc5e63be8fea0b078"}
,"C:\\Users\\honhu\\OneDrive\\Desktop\\sme-booking-system\\sme-booking-system\\src\\models\\IncomingMessage.model.js": {"path":"C:\\Users\\honhu\\OneDrive\\Desktop\\sme-booking-system\\sme-booking-system\\src\\models\\IncomingMessage.model.js","statementMap":{"0":{"start":{"line":1,"column":17},"end":{"line":1,"column":36}},"1":{"start":{"line":3,"column":27},"end":{"line":3,"column":59}},"2":{"start":{"line":5,"column":30},"end":{"line":92,"column":2}},"3":{"start":{"line":94,"column":0},"end":{"line":94,"column":63}},"4":{"start":{"line":95,"column":0},"end":{"line":95,"column":68}},"5":{"start":{"line":97,"column":24},"end":{"line":97,"column":100}},"6":{"start":{"line":99,"column":0},"end":{"line":99,"column":33}}},"fnMap":{},"branchMap":{},"s":{"0":1,"1":1,"2":1,"3":1,"4":1,"5":1,"6":1},"f":{},"b":{},"_coverageSchema":"1a1c01bbd47fc00a2c39e90264f33305004495a9","hash":"8148585a55fc7eed48b0b392a093df1511f16271"}
,"C:\\Users\\honhu\\OneDrive\\Desktop\\sme-booking-system\\sme-booking-system\\src\\models\\Location.model.js": {"path":"C:\\Users\\honhu\\OneDrive\\Desktop\\sme-booking-system\\sme-booking-system\\src\\models\\Location.model.js","statementMap":{"0":{"start":{"line":1,"column":17},"end":{"line":1,"column":36}},"1":{"start":{"line":3,"column":28},"end":{"line":3,"column":61}},"2":{"start":{"line":5,"column":23},"end":{"line":100,"column":2}},"3":{"start":{"line":59,"column":16},"end":{"line":59,"column":64}},"4":{"start":{"line":81,"column":28},"end":{"line":81,"column":72}},"5":{"start":{"line":102,"column":17},"end":{"line":102,"column":72}},"6":{"start":{"line":104,"column":0},"end":{"line":104,"column":26}}},"fnMap":{"0":{"name":"(anonymous_0)","decl":{"start":{"line":58,"column":23},"end":{"line":58,"column":24}},"loc":{"start":{"line":58,"column":39},"end":{"line":60,"column":13}},"line":58},"1":{"name":"(anonymous_1)","decl":{"start":{"line":80,"column":35},"end":{"line":80,"column":36}},"loc":{"start":{"line":80,"column":51},"end":{"line":82,"column":25}},"line":80}},"branchMap":{"0":{"loc":{"start":{"line":59,"column":23},"end":{"line":59,"column":63}},"type":"binary-expr","locations":[{"start":{"line":59,"column":23},"end":{"line":59,"column":43}},{"start":{"line":59,"column":47},"end":{"line":59,"column":63}}],"line":59}},"s":{"0":1,"1":1,"2":1,"3":0,"4":0,"5":1,"6":1},"f":{"0":0,"1":0},"b":{"0":[0,0]},"_coverageSchema":"1a1c01bbd47fc00a2c39e90264f33305004495a9","hash":"bbf2cb96491629d7d0f459183fffac760a0323bc"}
,"C:\\Users\\honhu\\OneDrive\\Desktop\\sme-booking-system\\sme-booking-system\\src\\models\\OpeningHours.model.js": {"path":"C:\\Users\\honhu\\OneDrive\\Desktop\\sme-booking-system\\sme-booking-system\\src\\models\\OpeningHours.model.js","statementMap":{"0":{"start":{"line":1,"column":17},"end":{"line":1,"column":36}},"1":{"start":{"line":3,"column":28},"end":{"line":3,"column":61}},"2":{"start":{"line":5,"column":27},"end":{"line":64,"column":2}},"3":{"start":{"line":25,"column":31},"end":{"line":25,"column":52}},"4":{"start":{"line":29,"column":16},"end":{"line":29,"column":49}},"5":{"start":{"line":29,"column":35},"end":{"line":29,"column":49}},"6":{"start":{"line":30,"column":16},"end":{"line":30,"column":28}},"7":{"start":{"line":37,"column":31},"end":{"line":37,"column":52}},"8":{"start":{"line":42,"column":20},"end":{"line":42,"column":53}},"9":{"start":{"line":42,"column":39},"end":{"line":42,"column":53}},"10":{"start":{"line":43,"column":20},"end":{"line":43,"column":32}},"11":{"start":{"line":49,"column":20},"end":{"line":49,"column":50}},"12":{"start":{"line":49,"column":38},"end":{"line":49,"column":50}},"13":{"start":{"line":50,"column":20},"end":{"line":50,"column":61}},"14":{"start":{"line":50,"column":49},"end":{"line":50,"column":61}},"15":{"start":{"line":52,"column":20},"end":{"line":52,"column":49}},"16":{"start":{"line":66,"column":21},"end":{"line":66,"column":87}},"17":{"start":{"line":68,"column":0},"end":{"line":68,"column":30}}},"fnMap":{"0":{"name":"(anonymous_0)","decl":{"start":{"line":25,"column":18},"end":{"line":25,"column":19}},"loc":{"start":{"line":25,"column":29},"end":{"line":25,"column":54}},"line":25},"1":{"name":"(anonymous_1)","decl":{"start":{"line":28,"column":23},"end":{"line":28,"column":24}},"loc":{"start":{"line":28,"column":39},"end":{"line":31,"column":13}},"line":28},"2":{"name":"(anonymous_2)","decl":{"start":{"line":37,"column":18},"end":{"line":37,"column":19}},"loc":{"start":{"line":37,"column":29},"end":{"line":37,"column":53}},"line":37},"3":{"name":"(anonymous_3)","decl":{"start":{"line":41,"column":27},"end":{"line":41,"column":28}},"loc":{"start":{"line":41,"column":43},"end":{"line":44,"column":17}},"line":41},"4":{"name":"(anonymous_4)","decl":{"start":{"line":48,"column":27},"end":{"line":48,"column":28}},"loc":{"start":{"line":48,"column":43},"end":{"line":53,"column":17}},"line":48}},"branchMap":{"0":{"loc":{"start":{"line":29,"column":16},"end":{"line":29,"column":49}},"type":"if","locations":[{"start":{"line":29,"column":16},"end":{"line":29,"column":49}},{"start":{},"end":{}}],"line":29},"1":{"loc":{"start":{"line":42,"column":20},"end":{"line":42,"column":53}},"type":"if","locations":[{"start":{"line":42,"column":20},"end":{"line":42,"column":53}},{"start":{},"end":{}}],"line":42},"2":{"loc":{"start":{"line":49,"column":20},"end":{"line":49,"column":50}},"type":"if","locations":[{"start":{"line":49,"column":20},"end":{"line":49,"column":50}},{"start":{},"end":{}}],"line":49},"3":{"loc":{"start":{"line":50,"column":20},"end":{"line":50,"column":61}},"type":"if","locations":[{"start":{"line":50,"column":20},"end":{"line":50,"column":61}},{"start":{},"end":{}}],"line":50},"4":{"loc":{"start":{"line":50,"column":23},"end":{"line":50,"column":47}},"type":"binary-expr","locations":[{"start":{"line":50,"column":23},"end":{"line":50,"column":37}},{"start":{"line":50,"column":41},"end":{"line":50,"column":47}}],"line":50}},"s":{"0":1,"1":1,"2":1,"3":0,"4":0,"5":0,"6":0,"7":0,"8":0,"9":0,"10":0,"11":0,"12":0,"13":0,"14":0,"15":0,"16":1,"17":1},"f":{"0":0,"1":0,"2":0,"3":0,"4":0},"b":{"0":[0,0],"1":[0,0],"2":[0,0],"3":[0,0],"4":[0,0]},"_coverageSchema":"1a1c01bbd47fc00a2c39e90264f33305004495a9","hash":"7eba836c912dd7641a7672e05ef96861c441bc8b"}
,"C:\\Users\\honhu\\OneDrive\\Desktop\\sme-booking-system\\sme-booking-system\\src\\models\\ParsedIntent.schema.js": {"path":"C:\\Users\\honhu\\OneDrive\\Desktop\\sme-booking-system\\sme-booking-system\\src\\models\\ParsedIntent.schema.js","statementMap":{"0":{"start":{"line":1,"column":17},"end":{"line":1,"column":36}},"1":{"start":{"line":3,"column":27},"end":{"line":39,"column":2}},"2":{"start":{"line":41,"column":0},"end":{"line":41,"column":36}}},"fnMap":{},"branchMap":{},"s":{"0":1,"1":1,"2":1},"f":{},"b":{},"_coverageSchema":"1a1c01bbd47fc00a2c39e90264f33305004495a9","hash":"684f8be23cac8436b77ff631e9c19a8cc1f55413"}
,"C:\\Users\\honhu\\OneDrive\\Desktop\\sme-booking-system\\sme-booking-system\\src\\models\\PublicHoliday.model.js": {"path":"C:\\Users\\honhu\\OneDrive\\Desktop\\sme-booking-system\\sme-booking-system\\src\\models\\PublicHoliday.model.js","statementMap":{"0":{"start":{"line":1,"column":17},"end":{"line":1,"column":36}},"1":{"start":{"line":3,"column":21},"end":{"line":3,"column":52}},"2":{"start":{"line":5,"column":28},"end":{"line":31,"column":2}},"3":{"start":{"line":22,"column":16},"end":{"line":22,"column":58}},"4":{"start":{"line":22,"column":46},"end":{"line":22,"column":58}},"5":{"start":{"line":23,"column":16},"end":{"line":23,"column":47}},"6":{"start":{"line":33,"column":22},"end":{"line":33,"column":86}},"7":{"start":{"line":35,"column":0},"end":{"line":35,"column":31}}},"fnMap":{"0":{"name":"(anonymous_0)","decl":{"start":{"line":21,"column":23},"end":{"line":21,"column":24}},"loc":{"start":{"line":21,"column":39},"end":{"line":24,"column":13}},"line":21}},"branchMap":{"0":{"loc":{"start":{"line":22,"column":16},"end":{"line":22,"column":58}},"type":"if","locations":[{"start":{"line":22,"column":16},"end":{"line":22,"column":58}},{"start":{},"end":{}}],"line":22},"1":{"loc":{"start":{"line":22,"column":19},"end":{"line":22,"column":44}},"type":"binary-expr","locations":[{"start":{"line":22,"column":19},"end":{"line":22,"column":34}},{"start":{"line":22,"column":38},"end":{"line":22,"column":44}}],"line":22}},"s":{"0":1,"1":1,"2":1,"3":0,"4":0,"5":0,"6":1,"7":1},"f":{"0":0},"b":{"0":[0,0],"1":[0,0]},"_coverageSchema":"1a1c01bbd47fc00a2c39e90264f33305004495a9","hash":"34a5fe51583a9e01fc78f84eeb8be51863f2a669"}
,"C:\\Users\\honhu\\OneDrive\\Desktop\\sme-booking-system\\sme-booking-system\\src\\models\\RecurringAppointment.model.js": {"path":"C:\\Users\\honhu\\OneDrive\\Desktop\\sme-booking-system\\sme-booking-system\\src\\models\\RecurringAppointment.model.js","statementMap":{"0":{"start":{"line":1,"column":17},"end":{"line":1,"column":36}},"1":{"start":{"line":3,"column":28},"end":{"line":3,"column":61}},"2":{"start":{"line":5,"column":35},"end":{"line":164,"column":2}},"3":{"start":{"line":48,"column":12},"end":{"line":48,"column":69}},"4":{"start":{"line":53,"column":20},"end":{"line":55,"column":21}},"5":{"start":{"line":54,"column":24},"end":{"line":54,"column":112}},"6":{"start":{"line":57,"column":20},"end":{"line":57,"column":32}},"7":{"start":{"line":63,"column":20},"end":{"line":65,"column":21}},"8":{"start":{"line":64,"column":24},"end":{"line":64,"column":60}},"9":{"start":{"line":67,"column":20},"end":{"line":67,"column":32}},"10":{"start":{"line":75,"column":31},"end":{"line":75,"column":66}},"11":{"start":{"line":79,"column":20},"end":{"line":81,"column":21}},"12":{"start":{"line":80,"column":24},"end":{"line":80,"column":59}},"13":{"start":{"line":82,"column":20},"end":{"line":82,"column":32}},"14":{"start":{"line":88,"column":20},"end":{"line":90,"column":21}},"15":{"start":{"line":89,"column":24},"end":{"line":89,"column":72}},"16":{"start":{"line":91,"column":20},"end":{"line":91,"column":32}},"17":{"start":{"line":97,"column":20},"end":{"line":100,"column":21}},"18":{"start":{"line":98,"column":43},"end":{"line":98,"column":76}},"19":{"start":{"line":98,"column":61},"end":{"line":98,"column":75}},"20":{"start":{"line":99,"column":24},"end":{"line":99,"column":73}},"21":{"start":{"line":101,"column":20},"end":{"line":101,"column":32}},"22":{"start":{"line":115,"column":16},"end":{"line":115,"column":58}},"23":{"start":{"line":115,"column":46},"end":{"line":115,"column":58}},"24":{"start":{"line":116,"column":16},"end":{"line":116,"column":47}},"25":{"start":{"line":131,"column":12},"end":{"line":131,"column":33}},"26":{"start":{"line":135,"column":16},"end":{"line":135,"column":39}},"27":{"start":{"line":144,"column":12},"end":{"line":144,"column":41}},"28":{"start":{"line":148,"column":16},"end":{"line":148,"column":59}},"29":{"start":{"line":148,"column":47},"end":{"line":148,"column":59}},"30":{"start":{"line":149,"column":16},"end":{"line":149,"column":46}},"31":{"start":{"line":166,"column":29},"end":{"line":166,"column":120}},"32":{"start":{"line":168,"column":0},"end":{"line":168,"column":38}}},"fnMap":{"0":{"name":"(anonymous_0)","decl":{"start":{"line":47,"column":18},"end":{"line":47,"column":19}},"loc":{"start":{"line":47,"column":29},"end":{"line":49,"column":9}},"line":47},"1":{"name":"(anonymous_1)","decl":{"start":{"line":52,"column":27},"end":{"line":52,"column":28}},"loc":{"start":{"line":52,"column":43},"end":{"line":58,"column":17}},"line":52},"2":{"name":"(anonymous_2)","decl":{"start":{"line":62,"column":27},"end":{"line":62,"column":28}},"loc":{"start":{"line":62,"column":43},"end":{"line":68,"column":17}},"line":62},"3":{"name":"(anonymous_3)","decl":{"start":{"line":75,"column":18},"end":{"line":75,"column":19}},"loc":{"start":{"line":75,"column":29},"end":{"line":75,"column":68}},"line":75},"4":{"name":"(anonymous_4)","decl":{"start":{"line":78,"column":27},"end":{"line":78,"column":28}},"loc":{"start":{"line":78,"column":43},"end":{"line":83,"column":17}},"line":78},"5":{"name":"(anonymous_5)","decl":{"start":{"line":87,"column":27},"end":{"line":87,"column":28}},"loc":{"start":{"line":87,"column":43},"end":{"line":92,"column":17}},"line":87},"6":{"name":"(anonymous_6)","decl":{"start":{"line":96,"column":27},"end":{"line":96,"column":28}},"loc":{"start":{"line":96,"column":43},"end":{"line":102,"column":17}},"line":96},"7":{"name":"(anonymous_7)","decl":{"start":{"line":98,"column":53},"end":{"line":98,"column":54}},"loc":{"start":{"line":98,"column":61},"end":{"line":98,"column":75}},"line":98},"8":{"name":"(anonymous_8)","decl":{"start":{"line":114,"column":23},"end":{"line":114,"column":24}},"loc":{"start":{"line":114,"column":39},"end":{"line":117,"column":13}},"line":114},"9":{"name":"(anonymous_9)","decl":{"start":{"line":130,"column":18},"end":{"line":130,"column":19}},"loc":{"start":{"line":130,"column":29},"end":{"line":132,"column":9}},"line":130},"10":{"name":"(anonymous_10)","decl":{"start":{"line":134,"column":23},"end":{"line":134,"column":24}},"loc":{"start":{"line":134,"column":39},"end":{"line":136,"column":13}},"line":134},"11":{"name":"(anonymous_11)","decl":{"start":{"line":143,"column":18},"end":{"line":143,"column":19}},"loc":{"start":{"line":143,"column":29},"end":{"line":145,"column":9}},"line":143},"12":{"name":"(anonymous_12)","decl":{"start":{"line":147,"column":23},"end":{"line":147,"column":24}},"loc":{"start":{"line":147,"column":39},"end":{"line":150,"column":13}},"line":147}},"branchMap":{"0":{"loc":{"start":{"line":53,"column":20},"end":{"line":55,"column":21}},"type":"if","locations":[{"start":{"line":53,"column":20},"end":{"line":55,"column":21}},{"start":{},"end":{}}],"line":53},"1":{"loc":{"start":{"line":54,"column":31},"end":{"line":54,"column":111}},"type":"binary-expr","locations":[{"start":{"line":54,"column":31},"end":{"line":54,"column":51}},{"start":{"line":54,"column":55},"end":{"line":54,"column":71}},{"start":{"line":54,"column":75},"end":{"line":54,"column":111}}],"line":54},"2":{"loc":{"start":{"line":63,"column":20},"end":{"line":65,"column":21}},"type":"if","locations":[{"start":{"line":63,"column":20},"end":{"line":65,"column":21}},{"start":{},"end":{}}],"line":63},"3":{"loc":{"start":{"line":64,"column":31},"end":{"line":64,"column":59}},"type":"binary-expr","locations":[{"start":{"line":64,"column":31},"end":{"line":64,"column":37}},{"start":{"line":64,"column":41},"end":{"line":64,"column":59}}],"line":64},"4":{"loc":{"start":{"line":79,"column":20},"end":{"line":81,"column":21}},"type":"if","locations":[{"start":{"line":79,"column":20},"end":{"line":81,"column":21}},{"start":{},"end":{}}],"line":79},"5":{"loc":{"start":{"line":80,"column":31},"end":{"line":80,"column":59}},"type":"binary-expr","locations":[{"start":{"line":80,"column":31},"end":{"line":80,"column":37}},{"start":{"line":80,"column":41},"end":{"line":80,"column":59}}],"line":80},"6":{"loc":{"start":{"line":88,"column":20},"end":{"line":90,"column":21}},"type":"if","locations":[{"start":{"line":88,"column":20},"end":{"line":90,"column":21}},{"start":{},"end":{}}],"line":88},"7":{"loc":{"start":{"line":89,"column":31},"end":{"line":89,"column":71}},"type":"binary-expr","locations":[{"start":{"line":89,"column":31},"end":{"line":89,"column":51}},{"start":{"line":89,"column":55},"end":{"line":89,"column":71}}],"line":89},"8":{"loc":{"start":{"line":97,"column":20},"end":{"line":100,"column":21}},"type":"if","locations":[{"start":{"line":97,"column":20},"end":{"line":100,"column":21}},{"start":{},"end":{}}],"line":97},"9":{"loc":{"start":{"line":115,"column":16},"end":{"line":115,"column":58}},"type":"if","locations":[{"start":{"line":115,"column":16},"end":{"line":115,"column":58}},{"start":{},"end":{}}],"line":115},"10":{"loc":{"start":{"line":115,"column":19},"end":{"line":115,"column":44}},"type":"binary-expr","locations":[{"start":{"line":115,"column":19},"end":{"line":115,"column":34}},{"start":{"line":115,"column":38},"end":{"line":115,"column":44}}],"line":115},"11":{"loc":{"start":{"line":148,"column":16},"end":{"line":148,"column":59}},"type":"if","locations":[{"start":{"line":148,"column":16},"end":{"line":148,"column":59}},{"start":{},"end":{}}],"line":148},"12":{"loc":{"start":{"line":148,"column":20},"end":{"line":148,"column":45}},"type":"binary-expr","locations":[{"start":{"line":148,"column":20},"end":{"line":148,"column":35}},{"start":{"line":148,"column":39},"end":{"line":148,"column":45}}],"line":148}},"s":{"0":1,"1":1,"2":1,"3":0,"4":0,"5":0,"6":0,"7":0,"8":0,"9":0,"10":0,"11":0,"12":0,"13":0,"14":0,"15":0,"16":0,"17":0,"18":0,"19":0,"20":0,"21":0,"22":0,"23":0,"24":0,"25":0,"26":0,"27":0,"28":0,"29":0,"30":0,"31":1,"32":1},"f":{"0":0,"1":0,"2":0,"3":0,"4":0,"5":0,"6":0,"7":0,"8":0,"9":0,"10":0,"11":0,"12":0},"b":{"0":[0,0],"1":[0,0,0],"2":[0,0],"3":[0,0],"4":[0,0],"5":[0,0],"6":[0,0],"7":[0,0],"8":[0,0],"9":[0,0],"10":[0,0],"11":[0,0],"12":[0,0]},"_coverageSchema":"1a1c01bbd47fc00a2c39e90264f33305004495a9","hash":"9889648691149d6d913cd89b1328f5de5e24fc4e"}
,"C:\\Users\\honhu\\OneDrive\\Desktop\\sme-booking-system\\sme-booking-system\\src\\models\\Service.model.js": {"path":"C:\\Users\\honhu\\OneDrive\\Desktop\\sme-booking-system\\sme-booking-system\\src\\models\\Service.model.js","statementMap":{"0":{"start":{"line":1,"column":17},"end":{"line":1,"column":36}},"1":{"start":{"line":3,"column":28},"end":{"line":3,"column":61}},"2":{"start":{"line":5,"column":22},"end":{"line":44,"column":2}},"3":{"start":{"line":26,"column":16},"end":{"line":26,"column":39}},"4":{"start":{"line":46,"column":16},"end":{"line":46,"column":68}},"5":{"start":{"line":48,"column":0},"end":{"line":48,"column":25}}},"fnMap":{"0":{"name":"(anonymous_0)","decl":{"start":{"line":25,"column":23},"end":{"line":25,"column":24}},"loc":{"start":{"line":25,"column":39},"end":{"line":27,"column":13}},"line":25}},"branchMap":{},"s":{"0":1,"1":1,"2":1,"3":0,"4":1,"5":1},"f":{"0":0},"b":{},"_coverageSchema":"1a1c01bbd47fc00a2c39e90264f33305004495a9","hash":"a2472eebd634d45375a95dfd254ba07c5ef586b3"}
,"C:\\Users\\honhu\\OneDrive\\Desktop\\sme-booking-system\\sme-booking-system\\tests\\setUp\\testDb.js": {"path":"C:\\Users\\honhu\\OneDrive\\Desktop\\sme-booking-system\\sme-booking-system\\tests\\setUp\\testDb.js","statementMap":{"0":{"start":{"line":1,"column":17},"end":{"line":1,"column":36}},"1":{"start":{"line":2,"column":30},"end":{"line":2,"column":62}},"2":{"start":{"line":6,"column":22},"end":{"line":10,"column":1}},"3":{"start":{"line":8,"column":4},"end":{"line":8,"column":51}},"4":{"start":{"line":9,"column":4},"end":{"line":9,"column":49}},"5":{"start":{"line":12,"column":20},"end":{"line":20,"column":1}},"6":{"start":{"line":13,"column":24},"end":{"line":13,"column":55}},"7":{"start":{"line":15,"column":4},"end":{"line":19,"column":5}},"8":{"start":{"line":18,"column":8},"end":{"line":18,"column":46}},"9":{"start":{"line":22,"column":20},"end":{"line":32,"column":1}},"10":{"start":{"line":24,"column":4},"end":{"line":24,"column":45}},"11":{"start":{"line":26,"column":4},"end":{"line":26,"column":38}},"12":{"start":{"line":28,"column":4},"end":{"line":31,"column":5}},"13":{"start":{"line":30,"column":8},"end":{"line":30,"column":33}},"14":{"start":{"line":34,"column":0},"end":{"line":34,"column":61}}},"fnMap":{"0":{"name":"(anonymous_0)","decl":{"start":{"line":6,"column":22},"end":{"line":6,"column":23}},"loc":{"start":{"line":6,"column":34},"end":{"line":10,"column":1}},"line":6},"1":{"name":"(anonymous_1)","decl":{"start":{"line":12,"column":20},"end":{"line":12,"column":21}},"loc":{"start":{"line":12,"column":32},"end":{"line":20,"column":1}},"line":12},"2":{"name":"(anonymous_2)","decl":{"start":{"line":22,"column":20},"end":{"line":22,"column":21}},"loc":{"start":{"line":22,"column":32},"end":{"line":32,"column":1}},"line":22}},"branchMap":{"0":{"loc":{"start":{"line":28,"column":4},"end":{"line":31,"column":5}},"type":"if","locations":[{"start":{"line":28,"column":4},"end":{"line":31,"column":5}},{"start":{},"end":{}}],"line":28}},"s":{"0":7,"1":7,"2":7,"3":0,"4":0,"5":7,"6":0,"7":0,"8":0,"9":7,"10":0,"11":0,"12":0,"13":0,"14":7},"f":{"0":0,"1":0,"2":0},"b":{"0":[0,0]},"_coverageSchema":"1a1c01bbd47fc00a2c39e90264f33305004495a9","hash":"93a2fae806ad5e91c020b52e0f0af190807f8cbc"}
}
