{"C:\\Users\\honhu\\OneDrive\\Desktop\\sme-booking-system\\sme-booking-system\\src\\services\\ai\\intentParser.service.js": {"path":"C:\\Users\\honhu\\OneDrive\\Desktop\\sme-booking-system\\sme-booking-system\\src\\services\\ai\\intentParser.service.js","statementMap":{"0":{"start":{"line":1,"column":15},"end":{"line":1,"column":32}},"1":{"start":{"line":2,"column":0},"end":{"line":2,"column":27}},"2":{"start":{"line":4,"column":27},"end":{"line":4,"column":77}},"3":{"start":{"line":5,"column":24},"end":{"line":5,"column":50}},"4":{"start":{"line":6,"column":26},"end":{"line":6,"column":58}},"5":{"start":{"line":9,"column":15},"end":{"line":11,"column":2}},"6":{"start":{"line":13,"column":28},"end":{"line":21,"column":1}},"7":{"start":{"line":23,"column":29},"end":{"line":39,"column":1}},"8":{"start":{"line":31,"column":19},"end":{"line":31,"column":50}},"9":{"start":{"line":33,"column":4},"end":{"line":36,"column":5}},"10":{"start":{"line":34,"column":8},"end":{"line":34,"column":69}},"11":{"start":{"line":35,"column":8},"end":{"line":35,"column":35}},"12":{"start":{"line":38,"column":4},"end":{"line":38,"column":23}},"13":{"start":{"line":43,"column":27},"end":{"line":73,"column":1}},"14":{"start":{"line":44,"column":4},"end":{"line":46,"column":5}},"15":{"start":{"line":45,"column":8},"end":{"line":45,"column":35}},"16":{"start":{"line":48,"column":19},"end":{"line":48,"column":58}},"17":{"start":{"line":49,"column":4},"end":{"line":51,"column":5}},"18":{"start":{"line":50,"column":8},"end":{"line":50,"column":35}},"19":{"start":{"line":53,"column":4},"end":{"line":71,"column":5}},"20":{"start":{"line":54,"column":25},"end":{"line":60,"column":10}},"21":{"start":{"line":62,"column":29},"end":{"line":62,"column":51}},"22":{"start":{"line":64,"column":8},"end":{"line":64,"column":79}},"23":{"start":{"line":64,"column":52},"end":{"line":64,"column":79}},"24":{"start":{"line":66,"column":8},"end":{"line":66,"column":50}},"25":{"start":{"line":69,"column":8},"end":{"line":69,"column":71}},"26":{"start":{"line":70,"column":8},"end":{"line":70,"column":35}},"27":{"start":{"line":75,"column":0},"end":{"line":75,"column":36}}},"fnMap":{"0":{"name":"(anonymous_0)","decl":{"start":{"line":23,"column":29},"end":{"line":23,"column":30}},"loc":{"start":{"line":23,"column":39},"end":{"line":39,"column":1}},"line":23},"1":{"name":"(anonymous_1)","decl":{"start":{"line":43,"column":27},"end":{"line":43,"column":28}},"loc":{"start":{"line":43,"column":46},"end":{"line":73,"column":1}},"line":43}},"branchMap":{"0":{"loc":{"start":{"line":33,"column":4},"end":{"line":36,"column":5}},"type":"if","locations":[{"start":{"line":33,"column":4},"end":{"line":36,"column":5}},{"start":{},"end":{}}],"line":33},"1":{"loc":{"start":{"line":44,"column":4},"end":{"line":46,"column":5}},"type":"if","locations":[{"start":{"line":44,"column":4},"end":{"line":46,"column":5}},{"start":{},"end":{}}],"line":44},"2":{"loc":{"start":{"line":44,"column":8},"end":{"line":44,"column":47}},"type":"binary-expr","locations":[{"start":{"line":44,"column":8},"end":{"line":44,"column":16}},{"start":{"line":44,"column":20},"end":{"line":44,"column":47}}],"line":44},"3":{"loc":{"start":{"line":49,"column":4},"end":{"line":51,"column":5}},"type":"if","locations":[{"start":{"line":49,"column":4},"end":{"line":51,"column":5}},{"start":{},"end":{}}],"line":49},"4":{"loc":{"start":{"line":49,"column":8},"end":{"line":49,"column":45}},"type":"binary-expr","locations":[{"start":{"line":49,"column":8},"end":{"line":49,"column":15}},{"start":{"line":49,"column":19},"end":{"line":49,"column":45}}],"line":49},"5":{"loc":{"start":{"line":64,"column":8},"end":{"line":64,"column":79}},"type":"if","locations":[{"start":{"line":64,"column":8},"end":{"line":64,"column":79}},{"start":{},"end":{}}],"line":64},"6":{"loc":{"start":{"line":64,"column":12},"end":{"line":64,"column":50}},"type":"binary-expr","locations":[{"start":{"line":64,"column":12},"end":{"line":64,"column":25}},{"start":{"line":64,"column":29},"end":{"line":64,"column":50}}],"line":64}},"s":{"0":1,"1":1,"2":1,"3":1,"4":1,"5":1,"6":1,"7":1,"8":5,"9":5,"10":0,"11":0,"12":5,"13":1,"14":7,"15":1,"16":6,"17":6,"18":0,"19":6,"20":6,"21":5,"22":5,"23":0,"24":5,"25":1,"26":1,"27":1},"f":{"0":5,"1":7},"b":{"0":[0,5],"1":[1,6],"2":[7,6],"3":[0,6],"4":[6,6],"5":[0,5],"6":[5,5]},"_coverageSchema":"1a1c01bbd47fc00a2c39e90264f33305004495a9","hash":"ee0bb9703c7f52b5606cfae9592a46ec25984afe"}
}
