TN:
SF:src\services\ai\intentParser.service.js
FN:23,(anonymous_0)
FN:43,(anonymous_1)
FNF:2
FNH:2
FNDA:5,(anonymous_0)
FNDA:7,(anonymous_1)
DA:1,1
DA:2,1
DA:4,1
DA:5,1
DA:6,1
DA:9,1
DA:13,1
DA:23,1
DA:31,5
DA:33,5
DA:34,0
DA:35,0
DA:38,5
DA:43,1
DA:44,7
DA:45,1
DA:48,6
DA:49,6
DA:50,0
DA:53,6
DA:54,6
DA:62,5
DA:64,5
DA:66,5
DA:69,1
DA:70,1
DA:75,1
LF:27
LH:24
BRDA:33,0,0,0
BRDA:33,0,1,5
BRDA:44,1,0,1
BRDA:44,1,1,6
BRDA:44,2,0,7
BRDA:44,2,1,6
BRDA:49,3,0,0
BRDA:49,3,1,6
BRDA:49,4,0,6
BRDA:49,4,1,6
BRDA:64,5,0,0
BRDA:64,5,1,5
BRDA:64,6,0,5
BRDA:64,6,1,5
BRF:14
BRH:11
end_of_record
