TN:
SF:src\models\Appointment.model.js
FN:31,(anonymous_0)
FN:37,(anonymous_1)
FN:82,(anonymous_2)
FN:159,(anonymous_3)
FN:163,(anonymous_4)
FN:167,(anonymous_5)
FN:177,(anonymous_6)
FN:186,(anonymous_7)
FNF:8
FNH:4
FNDA:0,(anonymous_0)
FNDA:0,(anonymous_1)
FNDA:7,(anonymous_2)
FNDA:0,(anonymous_3)
FNDA:7,(anonymous_4)
FNDA:7,(anonymous_5)
FNDA:0,(anonymous_6)
FNDA:7,(anonymous_7)
DA:1,2
DA:3,2
DA:4,2
DA:6,2
DA:31,0
DA:37,0
DA:83,7
DA:84,7
DA:159,0
DA:163,7
DA:167,7
DA:177,0
DA:186,2
DA:187,7
DA:188,7
DA:194,2
DA:195,2
DA:196,2
DA:198,2
DA:200,2
LF:20
LH:16
BRDA:83,0,0,0
BRDA:83,0,1,7
BRDA:83,1,0,7
BRDA:83,1,1,7
BRDA:187,2,0,7
BRDA:187,2,1,0
BRDA:187,3,0,7
BRDA:187,3,1,7
BRF:8
BRH:6
end_of_record
TN:
SF:src\models\AppointmentQueue.model.js
FN:66,(anonymous_0)
FNF:1
FNH:0
FNDA:0,(anonymous_0)
DA:1,1
DA:3,1
DA:67,0
DA:68,0
DA:81,1
DA:82,1
DA:84,1
DA:86,1
LF:8
LH:6
BRDA:67,0,0,0
BRDA:67,0,1,0
BRDA:67,1,0,0
BRDA:67,1,1,0
BRF:4
BRH:0
end_of_record
TN:
SF:src\models\AppointmentStatusHistory.schema.js
FN:26,(anonymous_0)
FNF:1
FNH:1
FNDA:8,(anonymous_0)
DA:1,2
DA:3,2
DA:26,8
DA:39,2
LF:4
LH:4
BRF:0
BRH:0
end_of_record
TN:
SF:src\models\Business.model.js
FNF:0
FNH:0
DA:1,1
DA:3,1
DA:5,1
DA:71,1
DA:73,1
LF:5
LH:5
BRF:0
BRH:0
end_of_record
TN:
SF:src\models\BusinessDay.model.js
FN:15,(anonymous_0)
FNF:1
FNH:0
FNDA:0,(anonymous_0)
DA:1,1
DA:3,1
DA:5,1
DA:16,0
DA:17,0
DA:28,1
DA:30,1
LF:7
LH:5
BRDA:16,0,0,0
BRDA:16,0,1,0
BRDA:16,1,0,0
BRDA:16,1,1,0
BRF:4
BRH:0
end_of_record
TN:
SF:src\models\ChangeHistory.schema.js
FNF:0
FNH:0
DA:1,7
DA:3,7
DA:32,7
LF:3
LH:3
BRF:0
BRH:0
end_of_record
TN:
SF:src\models\ExceptionDate.model.js
FN:19,(anonymous_0)
FNF:1
FNH:0
FNDA:0,(anonymous_0)
DA:1,1
DA:3,1
DA:5,1
DA:20,0
DA:21,0
DA:28,1
DA:30,1
LF:7
LH:5
BRDA:20,0,0,0
BRDA:20,0,1,0
BRDA:20,1,0,0
BRDA:20,1,1,0
BRF:4
BRH:0
end_of_record
TN:
SF:src\models\IncomingMessage.model.js
FNF:0
FNH:0
DA:1,1
DA:3,1
DA:5,1
DA:94,1
DA:95,1
DA:97,1
DA:99,1
LF:7
LH:7
BRF:0
BRH:0
end_of_record
TN:
SF:src\models\Location.model.js
FN:58,(anonymous_0)
FN:80,(anonymous_1)
FNF:2
FNH:0
FNDA:0,(anonymous_0)
FNDA:0,(anonymous_1)
DA:1,1
DA:3,1
DA:5,1
DA:59,0
DA:81,0
DA:102,1
DA:104,1
LF:7
LH:5
BRDA:59,0,0,0
BRDA:59,0,1,0
BRF:2
BRH:0
end_of_record
TN:
SF:src\models\OpeningHours.model.js
FN:25,(anonymous_0)
FN:28,(anonymous_1)
FN:37,(anonymous_2)
FN:41,(anonymous_3)
FN:48,(anonymous_4)
FNF:5
FNH:0
FNDA:0,(anonymous_0)
FNDA:0,(anonymous_1)
FNDA:0,(anonymous_2)
FNDA:0,(anonymous_3)
FNDA:0,(anonymous_4)
DA:1,1
DA:3,1
DA:5,1
DA:25,0
DA:29,0
DA:30,0
DA:37,0
DA:42,0
DA:43,0
DA:49,0
DA:50,0
DA:52,0
DA:66,1
DA:68,1
LF:14
LH:5
BRDA:29,0,0,0
BRDA:29,0,1,0
BRDA:42,1,0,0
BRDA:42,1,1,0
BRDA:49,2,0,0
BRDA:49,2,1,0
BRDA:50,3,0,0
BRDA:50,3,1,0
BRDA:50,4,0,0
BRDA:50,4,1,0
BRF:10
BRH:0
end_of_record
TN:
SF:src\models\ParsedIntent.schema.js
FNF:0
FNH:0
DA:1,1
DA:3,1
DA:41,1
LF:3
LH:3
BRF:0
BRH:0
end_of_record
TN:
SF:src\models\PublicHoliday.model.js
FN:21,(anonymous_0)
FNF:1
FNH:0
FNDA:0,(anonymous_0)
DA:1,1
DA:3,1
DA:5,1
DA:22,0
DA:23,0
DA:33,1
DA:35,1
LF:7
LH:5
BRDA:22,0,0,0
BRDA:22,0,1,0
BRDA:22,1,0,0
BRDA:22,1,1,0
BRF:4
BRH:0
end_of_record
TN:
SF:src\models\RecurringAppointment.model.js
FN:47,(anonymous_0)
FN:52,(anonymous_1)
FN:62,(anonymous_2)
FN:75,(anonymous_3)
FN:78,(anonymous_4)
FN:87,(anonymous_5)
FN:96,(anonymous_6)
FN:98,(anonymous_7)
FN:114,(anonymous_8)
FN:130,(anonymous_9)
FN:134,(anonymous_10)
FN:143,(anonymous_11)
FN:147,(anonymous_12)
FNF:13
FNH:0
FNDA:0,(anonymous_0)
FNDA:0,(anonymous_1)
FNDA:0,(anonymous_2)
FNDA:0,(anonymous_3)
FNDA:0,(anonymous_4)
FNDA:0,(anonymous_5)
FNDA:0,(anonymous_6)
FNDA:0,(anonymous_7)
FNDA:0,(anonymous_8)
FNDA:0,(anonymous_9)
FNDA:0,(anonymous_10)
FNDA:0,(anonymous_11)
FNDA:0,(anonymous_12)
DA:1,1
DA:3,1
DA:5,1
DA:48,0
DA:53,0
DA:54,0
DA:57,0
DA:63,0
DA:64,0
DA:67,0
DA:75,0
DA:79,0
DA:80,0
DA:82,0
DA:88,0
DA:89,0
DA:91,0
DA:97,0
DA:98,0
DA:99,0
DA:101,0
DA:115,0
DA:116,0
DA:131,0
DA:135,0
DA:144,0
DA:148,0
DA:149,0
DA:166,1
DA:168,1
LF:30
LH:5
BRDA:53,0,0,0
BRDA:53,0,1,0
BRDA:54,1,0,0
BRDA:54,1,1,0
BRDA:54,1,2,0
BRDA:63,2,0,0
BRDA:63,2,1,0
BRDA:64,3,0,0
BRDA:64,3,1,0
BRDA:79,4,0,0
BRDA:79,4,1,0
BRDA:80,5,0,0
BRDA:80,5,1,0
BRDA:88,6,0,0
BRDA:88,6,1,0
BRDA:89,7,0,0
BRDA:89,7,1,0
BRDA:97,8,0,0
BRDA:97,8,1,0
BRDA:115,9,0,0
BRDA:115,9,1,0
BRDA:115,10,0,0
BRDA:115,10,1,0
BRDA:148,11,0,0
BRDA:148,11,1,0
BRDA:148,12,0,0
BRDA:148,12,1,0
BRF:27
BRH:0
end_of_record
TN:
SF:src\models\Service.model.js
FN:25,(anonymous_0)
FNF:1
FNH:0
FNDA:0,(anonymous_0)
DA:1,1
DA:3,1
DA:5,1
DA:26,0
DA:46,1
DA:48,1
LF:6
LH:5
BRF:0
BRH:0
end_of_record
TN:
SF:tests\setUp\testDb.js
FN:6,(anonymous_0)
FN:12,(anonymous_1)
FN:22,(anonymous_2)
FNF:3
FNH:0
FNDA:0,(anonymous_0)
FNDA:0,(anonymous_1)
FNDA:0,(anonymous_2)
DA:1,7
DA:2,7
DA:6,7
DA:8,0
DA:9,0
DA:12,7
DA:13,0
DA:15,0
DA:18,0
DA:22,7
DA:24,0
DA:26,0
DA:28,0
DA:30,0
DA:34,7
LF:15
LH:6
BRDA:28,0,0,0
BRDA:28,0,1,0
BRF:2
BRH:0
end_of_record
